Predictions (y,pred,y-pred) by the model of dimension:     1
    0.4310000000E+01    0.4134202818E+01    0.1757971821E+00
    0.4470000000E+01    0.4178533764E+01    0.2914662357E+00
    0.4290000000E+01    0.4175568526E+01    0.1144314740E+00
    0.5000000000E+01    0.4085633368E+01    0.9143666318E+00
    0.3820000000E+01    0.4284926161E+01   -0.4649261612E+00
    0.3910000000E+01    0.4374824305E+01   -0.4648243047E+00
    0.3710000000E+01    0.4185835729E+01   -0.4758357290E+00
    0.3630000000E+01    0.4231978340E+01   -0.6019783404E+00
    0.3240000000E+01    0.4240166099E+01   -0.1000166099E+01
    0.5000000000E+01    0.3428919102E+01    0.1571080898E+01
    0.0000000000E+00    0.3404060439E+01   -0.3404060439E+01
    0.4280000000E+01    0.3769725391E+01    0.5102746088E+00
    0.2610000000E+01    0.3653506307E+01   -0.1043506307E+01
    0.5000000000E+01    0.3724654062E+01    0.1275345938E+01
    0.4990000000E+01    0.3954820959E+01    0.1035179041E+01
    0.5000000000E+01    0.3535374196E+01    0.1464625804E+01
    0.5000000000E+01    0.3860045411E+01    0.1139954589E+01
    0.3510000000E+01    0.3898317153E+01   -0.3883171533E+00
    0.5000000000E+01    0.3000292999E+01    0.1999707001E+01
    0.5000000000E+01    0.2834575301E+01    0.2165424699E+01
    0.0000000000E+00    0.2953562072E+01   -0.2953562072E+01
    0.0000000000E+00    0.2661213614E+01   -0.2661213614E+01
    0.0000000000E+00    0.3360152247E+01   -0.3360152247E+01
    0.5000000000E+01    0.3117719572E+01    0.1882280428E+01
    0.5000000000E+01    0.3064647814E+01    0.1935352186E+01
    0.5000000000E+01    0.3308340584E+01    0.1691659416E+01
    0.2070000000E+01    0.3418403669E+01   -0.1348403669E+01
Prediction RMSE and MaxAE:         1.6379488792        3.4040604387
Predictions (y,pred,y-pred) by the model of dimension:     2
    0.4310000000E+01    0.2840901635E+01    0.1469098365E+01
    0.4470000000E+01    0.3540372479E+01    0.9296275210E+00
    0.4290000000E+01    0.4008484849E+01    0.2815151514E+00
    0.5000000000E+01    0.3630972600E+01    0.1369027400E+01
    0.3820000000E+01    0.4013893789E+01   -0.1938937892E+00
    0.3910000000E+01    0.4233786219E+01   -0.3237862190E+00
    0.3710000000E+01    0.3991147420E+01   -0.2811474198E+00
    0.3630000000E+01    0.3846292558E+01   -0.2162925584E+00
    0.3240000000E+01    0.3463739229E+01   -0.2237392287E+00
    0.5000000000E+01    0.3929196230E+01    0.1070803770E+01
    0.0000000000E+00    0.3469986719E+01   -0.3469986719E+01
    0.4280000000E+01    0.4601702671E+01   -0.3217026712E+00
    0.2610000000E+01    0.4216859213E+01   -0.1606859213E+01
    0.5000000000E+01    0.4465637767E+01    0.5343622331E+00
    0.4990000000E+01    0.4865304422E+01    0.1246955777E+00
    0.5000000000E+01    0.3898092217E+01    0.1101907783E+01
    0.5000000000E+01    0.4839246133E+01    0.1607538665E+00
    0.3510000000E+01    0.4414976781E+01   -0.9049767806E+00
    0.5000000000E+01    0.3241863456E+01    0.1758136544E+01
    0.5000000000E+01    0.3086635292E+01    0.1913364708E+01
    0.0000000000E+00    0.2937171673E+01   -0.2937171673E+01
    0.0000000000E+00    0.2583186060E+01   -0.2583186060E+01
    0.0000000000E+00    0.2585589882E+01   -0.2585589882E+01
    0.5000000000E+01    0.3154703499E+01    0.1845296501E+01
    0.5000000000E+01    0.2941370624E+01    0.2058629376E+01
    0.5000000000E+01    0.2667840366E+01    0.2332159634E+01
    0.2070000000E+01    0.3371046140E+01   -0.1301046140E+01
Prediction RMSE and MaxAE:         1.5757323079        3.4699867191
Predictions (y,pred,y-pred) by the model of dimension:     3
    0.4310000000E+01    0.4723443063E+01   -0.4134430632E+00
    0.4470000000E+01    0.4566875109E+01   -0.9687510933E-01
    0.4290000000E+01    0.4576866378E+01   -0.2868663776E+00
    0.5000000000E+01    0.4830269915E+01    0.1697300851E+00
    0.3820000000E+01    0.3923229504E+01   -0.1032295043E+00
    0.3910000000E+01    0.3117343189E+01    0.7926568108E+00
    0.3710000000E+01    0.4476569241E+01   -0.7665692410E+00
    0.3630000000E+01    0.4264207571E+01   -0.6342075708E+00
    0.3240000000E+01    0.4229082316E+01   -0.9890823161E+00
    0.5000000000E+01    0.2387081925E+01    0.2612918075E+01
    0.0000000000E+00    0.2177220436E+01   -0.2177220436E+01
    0.4280000000E+01    0.4211982929E+01    0.6801707060E-01
    0.2610000000E+01    0.3798514602E+01   -0.1188514602E+01
    0.5000000000E+01    0.4160550658E+01    0.8394493416E+00
    0.4990000000E+01    0.3812197055E+01    0.1177802945E+01
    0.5000000000E+01    0.3176284914E+01    0.1823715086E+01
    0.5000000000E+01    0.4174983268E+01    0.8250167320E+00
    0.3510000000E+01    0.4181470593E+01   -0.6714705926E+00
    0.5000000000E+01    0.4400391989E+01    0.5996080110E+00
    0.5000000000E+01    0.4836486165E+01    0.1635138352E+00
    0.0000000000E+00    0.3625627834E+01   -0.3625627834E+01
    0.0000000000E+00    0.5597782080E+00   -0.5597782080E+00
    0.0000000000E+00    0.2448403454E+01   -0.2448403454E+01
    0.5000000000E+01    0.3932761786E+01    0.1067238214E+01
    0.5000000000E+01    0.3459295308E+01    0.1540704692E+01
    0.5000000000E+01    0.2589720313E+01    0.2410279687E+01
    0.2070000000E+01    0.2199371426E+01   -0.1293714262E+00
Prediction RMSE and MaxAE:         1.3825783959        3.6256278340
Predictions (y,pred,y-pred) by the model of dimension:     4
    0.4310000000E+01    0.4047090546E+01    0.2629094539E+00
    0.4470000000E+01    0.4349625968E+01    0.1203740316E+00
    0.4290000000E+01    0.4806963088E+01   -0.5169630885E+00
    0.5000000000E+01    0.4414064921E+01    0.5859350787E+00
    0.3820000000E+01    0.3826497171E+01   -0.6497170732E-02
    0.3910000000E+01    0.3245680613E+01    0.6643193866E+00
    0.3710000000E+01    0.4064327983E+01   -0.3543279830E+00
    0.3630000000E+01    0.3853721969E+01   -0.2237219688E+00
    0.3240000000E+01    0.3648657450E+01   -0.4086574497E+00
    0.5000000000E+01    0.2782840629E+01    0.2217159371E+01
    0.0000000000E+00    0.1932148916E+01   -0.1932148916E+01
    0.4280000000E+01    0.4985650536E+01   -0.7056505362E+00
    0.2610000000E+01    0.4170994079E+01   -0.1560994079E+01
    0.5000000000E+01    0.4903363378E+01    0.9663662222E-01
    0.4990000000E+01    0.4128289155E+01    0.8617108450E+00
    0.5000000000E+01    0.3311293243E+01    0.1688706757E+01
    0.5000000000E+01    0.4955143906E+01    0.4485609447E-01
    0.3510000000E+01    0.4341815911E+01   -0.8318159105E+00
    0.5000000000E+01    0.4690455296E+01    0.3095447036E+00
    0.5000000000E+01    0.4018234450E+01    0.9817655503E+00
    0.0000000000E+00    0.3593895369E+01   -0.3593895369E+01
    0.0000000000E+00    0.4018124547E-01   -0.4018124547E-01
    0.0000000000E+00    0.1790536769E+01   -0.1790536769E+01
    0.5000000000E+01    0.4391750710E+01    0.6082492895E+00
    0.5000000000E+01    0.3663210144E+01    0.1336789856E+01
    0.5000000000E+01    0.2194055092E+01    0.2805944908E+01
    0.2070000000E+01    0.2689504077E+01   -0.6195040766E+00
Prediction RMSE and MaxAE:         1.2903748867        3.5938953694
