Predictions (y,pred,y-pred) by the model of dimension:     1
    0.1800000000E+02    0.1635457091E+02    0.1645429095E+01
    0.6000000000E+01    0.1623249566E+02   -0.1023249566E+02
    0.1800000000E+02    0.1621014764E+02    0.1789852359E+01
    0.1800000000E+02    0.1611726975E+02    0.1882730250E+01
    0.1800000000E+02    0.1622593630E+02    0.1774063697E+01
    0.1800000000E+02    0.1630793973E+02    0.1692060265E+01
    0.1800000000E+02    0.1611005950E+02    0.1889940497E+01
    0.1776000000E+02    0.1616475719E+02    0.1595242813E+01
    0.1712000000E+02    0.1621467481E+02    0.9053251911E+00
    0.1800000000E+02    0.1659079249E+02    0.1409207510E+01
    0.6640000000E+01    0.1663237076E+02   -0.9992370761E+01
    0.1800000000E+02    0.1677523344E+02    0.1224766559E+01
    0.1476000000E+02    0.1675307751E+02   -0.1993077506E+01
    0.1800000000E+02    0.1671360198E+02    0.1286398025E+01
    0.1800000000E+02    0.1700426349E+02    0.9957365078E+00
    0.1800000000E+02    0.1669327742E+02    0.1306722576E+01
    0.1800000000E+02    0.1687578862E+02    0.1124211383E+01
    0.1796000000E+02    0.1688382434E+02    0.1076175655E+01
    0.1800000000E+02    0.1793204853E+02    0.6795147072E-01
    0.1800000000E+02    0.1783924659E+02    0.1607534094E+00
    0.1800000000E+02    0.1783994148E+02    0.1600585177E+00
    0.1800000000E+02    0.1751481844E+02    0.4851815598E+00
    0.1800000000E+02    0.1811342288E+02   -0.1134228796E+00
    0.1800000000E+02    0.1799845002E+02    0.1549979800E-02
    0.1800000000E+02    0.1790542965E+02    0.9457035486E-01
    0.1800000000E+02    0.1805085950E+02   -0.5085949841E-01
    0.1800000000E+02    0.1818570146E+02   -0.1857014611E+00
Prediction RMSE and MaxAE:         2.9909632993       10.2324956647
Predictions (y,pred,y-pred) by the model of dimension:     2
    0.1800000000E+02    0.1431646290E+02    0.3683537105E+01
    0.6000000000E+01    0.1594044810E+02   -0.9940448104E+01
    0.1800000000E+02    0.1679926557E+02    0.1200734434E+01
    0.1800000000E+02    0.1534986650E+02    0.2650133501E+01
    0.1800000000E+02    0.1772411821E+02    0.2758817890E+00
    0.1800000000E+02    0.1893208191E+02   -0.9320819132E+00
    0.1800000000E+02    0.1683336513E+02    0.1166634870E+01
    0.1776000000E+02    0.1695431863E+02    0.8056813729E+00
    0.1712000000E+02    0.1632163844E+02    0.7983615551E+00
    0.1800000000E+02    0.1474971121E+02    0.3250288795E+01
    0.6640000000E+01    0.1377057589E+02   -0.7130575888E+01
    0.1800000000E+02    0.1716650614E+02    0.8334938562E+00
    0.1476000000E+02    0.1606724873E+02   -0.1307248732E+01
    0.1800000000E+02    0.1659774769E+02    0.1402252308E+01
    0.1800000000E+02    0.1871285696E+02   -0.7128569575E+00
    0.1800000000E+02    0.1504187470E+02    0.2958125296E+01
    0.1800000000E+02    0.1814669152E+02   -0.1466915218E+00
    0.1796000000E+02    0.1724382521E+02    0.7161747862E+00
    0.1800000000E+02    0.1859893801E+02   -0.5989380100E+00
    0.1800000000E+02    0.1819423051E+02   -0.1942305103E+00
    0.1800000000E+02    0.1800336186E+02   -0.3361863801E-02
    0.1800000000E+02    0.1778870779E+02    0.2112922065E+00
    0.1800000000E+02    0.1681839607E+02    0.1181603925E+01
    0.1800000000E+02    0.1833372617E+02   -0.3337261746E+00
    0.1800000000E+02    0.1792284950E+02    0.7715050360E-01
    0.1800000000E+02    0.1705276087E+02    0.9472391297E+00
    0.1800000000E+02    0.1885842517E+02   -0.8584251706E+00
Prediction RMSE and MaxAE:         2.7460384754        9.9404481039
Predictions (y,pred,y-pred) by the model of dimension:     3
    0.1800000000E+02    0.1368685498E+02    0.4313145020E+01
    0.6000000000E+01    0.1491875553E+02   -0.8918755531E+01
    0.1800000000E+02    0.1697455546E+02    0.1025444536E+01
    0.1800000000E+02    0.1540963582E+02    0.2590364178E+01
    0.1800000000E+02    0.1783807221E+02    0.1619277920E+00
    0.1800000000E+02    0.1913077311E+02   -0.1130773109E+01
    0.1800000000E+02    0.1817686767E+02   -0.1768676652E+00
    0.1776000000E+02    0.1723200038E+02    0.5279996181E+00
    0.1712000000E+02    0.1609415943E+02    0.1025840570E+01
    0.1800000000E+02    0.1524754275E+02    0.2752457251E+01
    0.6640000000E+01    0.1277636490E+02   -0.6136364897E+01
    0.1800000000E+02    0.1782304429E+02    0.1769557061E+00
    0.1476000000E+02    0.1556867246E+02   -0.8086724632E+00
    0.1800000000E+02    0.1714269325E+02    0.8573067514E+00
    0.1800000000E+02    0.1833261398E+02   -0.3326139840E+00
    0.1800000000E+02    0.1429213847E+02    0.3707861527E+01
    0.1800000000E+02    0.1904796880E+02   -0.1047968800E+01
    0.1796000000E+02    0.1538355656E+02    0.2576443441E+01
    0.1800000000E+02    0.1845403748E+02   -0.4540374788E+00
    0.1800000000E+02    0.1831414529E+02   -0.3141452900E+00
    0.1800000000E+02    0.1836421837E+02   -0.3642183695E+00
    0.1800000000E+02    0.1850378656E+02   -0.5037865598E+00
    0.1800000000E+02    0.1742890192E+02    0.5710980775E+00
    0.1800000000E+02    0.1833112093E+02   -0.3311209318E+00
    0.1800000000E+02    0.1824770784E+02   -0.2477078442E+00
    0.1800000000E+02    0.1754149759E+02    0.4585024089E+00
    0.1800000000E+02    0.1797829458E+02    0.2170542317E-01
Prediction RMSE and MaxAE:         2.5692034460        8.9187555305
Predictions (y,pred,y-pred) by the model of dimension:     4
    0.1800000000E+02   -0.6490268029E+02    0.8290268029E+02
    0.6000000000E+01   -0.6318134916E+02    0.6918134916E+02
    0.1800000000E+02   -0.6418251701E+02    0.8218251701E+02
    0.1800000000E+02   -0.6354746564E+02    0.8154746564E+02
    0.1800000000E+02   -0.6143913498E+02    0.7943913498E+02
    0.1800000000E+02   -0.6118414467E+02    0.7918414467E+02
    0.1800000000E+02   -0.6172832768E+02    0.7972832768E+02
    0.1776000000E+02   -0.6113126449E+02    0.7889126449E+02
    0.1712000000E+02   -0.6075539786E+02    0.7787539786E+02
    0.1800000000E+02   -0.8277854876E+02    0.1007785488E+03
    0.6640000000E+01   -0.8296839874E+02    0.8960839874E+02
    0.1800000000E+02   -0.8132722751E+02    0.9932722751E+02
    0.1476000000E+02   -0.8210916758E+02    0.9686916758E+02
    0.1800000000E+02   -0.8110824049E+02    0.9910824049E+02
    0.1800000000E+02   -0.8145922044E+02    0.9945922044E+02
    0.1800000000E+02   -0.8255715407E+02    0.1005571541E+03
    0.1800000000E+02   -0.8144373214E+02    0.9944373214E+02
    0.1796000000E+02   -0.8046602386E+02    0.9842602386E+02
    0.1800000000E+02   -0.9329322539E+02    0.1112932254E+03
    0.1800000000E+02   -0.9355295129E+02    0.1115529513E+03
    0.1800000000E+02   -0.9309349929E+02    0.1110934993E+03
    0.1800000000E+02   -0.9300281460E+02    0.1110028146E+03
    0.1800000000E+02   -0.9211436523E+02    0.1101143652E+03
    0.1800000000E+02   -0.9301877047E+02    0.1110187705E+03
    0.1800000000E+02   -0.9286785824E+02    0.1108678582E+03
    0.1800000000E+02   -0.9217666507E+02    0.1101766651E+03
    0.1800000000E+02   -0.9236985545E+02    0.1103698554E+03
Prediction RMSE and MaxAE:        96.9312894721      111.5529512891
