Version SISSO.3.0, June, 2019.
================================================================================

Reading data from train.dat ...
Reading parameters from SISSO.in: 
--------------------------------------------------------------------------------
restarts ?     F
descriptor dimension:        3
property type:     1
total number of properties:        1
task_weighting:        1
number of samples for each property:       54
number of scalar features:        4
times of applying the operator set for feature construction (rung of the feature space):        2
max complexity (number of operators in a feature):        3
number of dimension(unit)-type (for dimension analysis):        2
dimension type for each primary feature: 
  1.00  0.00
  0.00  1.00
  0.00  1.00
  0.00  1.00
lower bound of the max abs. data value for the selected features:     0.10000E-02
upper bound of the max abs. data value for the selected features:     0.10000E+06
Expected size of the SIS-selected (single) subspace :        5
operator set for feature construction: (+)(-)(*)(/)(exp)(log)(^-1)(^2)(^3)(sqrt)(cbrt)(|-|) 
method for sparsification:  L0        
number of the top ranked models to output:      100
fit intercept?      T
metric for model selection: RMSE
--------------------------------------------------------------------------------

Feature Construction and Descriptor Identification (FCDI) starts ...

iteration:   1
--------------------------------------------------------------------------------
FC starts ...
Standard Deviation (SD) of property 001:    0.23289
Total number of features in the space phi00:              4
Total number of features in the space phi01:             58
Total number of features in the space phi02:           5625
Size of the SIS-selected subspace from phi02:          5
Wall-clock time (second) for this FC:            0.11
FC done!

DI starts ...
total number of SIS-selected features from all iterations:          5
L0 starts ...

Model/descriptor for generating residual:
================================================================================
  1D descriptor (model): 
Total RMSE,MaxAE:   0.219535  0.434907
@@@descriptor: 
                      1:[(sqrt(Tem)/(mono)^2)]
       coefficients_001:    -0.3220363910E-04
          Intercept_001:     0.1327559274E+01
         RMSE,MaxAE_001:     0.2195347649E+00    0.4349070658E+00
================================================================================
Wall-clock time (second) for this DI:            0.01
DI done!

iteration:   2
--------------------------------------------------------------------------------
FC starts ...
File containing the features to be rejected: feature_space/Uspace.name
Total number of features in the space phi00:              4
Total number of features in the space phi01:             58
Total number of features in the space phi02:           5625
Size of the SIS-selected subspace from phi02:          5
Wall-clock time (second) for this FC:            0.02
FC done!

DI starts ...
total number of SIS-selected features from all iterations:         10
L0 starts ...

Model/descriptor for generating residual:
================================================================================
  2D descriptor (model): 
Total RMSE,MaxAE:   0.197716  0.434071
@@@descriptor: 
                      1:[(sqrt(Tem)/(mono)^2)]
                      6:[(log(mono)*cbrt(mono))]
       coefficients_001:    -0.4320775257E-04   -0.6836689676E+02
          Intercept_001:    -0.7396729192E+02
         RMSE,MaxAE_001:     0.1977163002E+00    0.4340711111E+00
================================================================================
Wall-clock time (second) for this DI:            0.01
DI done!

iteration:   3
--------------------------------------------------------------------------------
FC starts ...
File containing the features to be rejected: feature_space/Uspace.name
Total number of features in the space phi00:              4
Total number of features in the space phi01:             58
Total number of features in the space phi02:           5625
Size of the SIS-selected subspace from phi02:          5
Wall-clock time (second) for this FC:            0.02
FC done!

DI starts ...
total number of SIS-selected features from all iterations:         15
L0 starts ...

Final model/descriptor to report
================================================================================
  3D descriptor (model): 
Total RMSE,MaxAE:   0.160288  0.366278
@@@descriptor: 
                     10:[((cub+mono)*(mono/tet))]
                     12:[((cub)^3/(cub-tet))]
                     15:[((cub)^3*sqrt(cub))]
       coefficients_001:     0.2981475187E+03    0.2433708902E+05    0.9441628108E+05
          Intercept_001:     0.7678278227E+00
         RMSE,MaxAE_001:     0.1602878538E+00    0.3662781835E+00
================================================================================
Wall-clock time (second) for this DI:            0.01
DI done!

FCDI done !

--------------------------------------------------------------------------------
Total wall-clock time (second):            0.31

                                               Have a nice day !    


------------------------------------------------------------
Sender: LSF System <lsfadmin@h138>
Subject: Job 748476: <testjob> Done

Job <testjob> was submitted from host <l01> by user <xjsjswf> in cluster <hpc>.
Job was executed on host(s) <16*h138>, in queue <test>, as user <xjsjswf> in cluster <hpc>.
                            <16*h140>
</data/home/xjsjswf> was used as the home directory.
</data/home/xjsjswf/isalas/server/shu/1571126279352/157112624497314614906> was used as the working directory.
Started at Tue Oct 15 15:57:59 2019
Results reported at Tue Oct 15 15:58:06 2019

Your job looked like:

------------------------------------------------------------
# LSBATCH: User input
#!/bin/sh
#BSUB -q test
#BSUB -n 32
#BSUB -o SISSO.out
#BSUB -e SISSO.err
#BSUB -J testjob
#BSUB -x

ncpus=`cat $LSB_DJOB_HOSTFILE | wc -l`
source /data/soft/compiler/intel/v2013/2013intel.sh
source /data/soft/intel/impi/4.1.0.024/bin64/mpivars.sh
#source /data/home/xjsjswf/RESCU/RESCUPackage/barc
#mpirun -machine $LSB_DJOB_HOSTFILE  -np ${ncpus} rescu --smi -i scf.input
mpirun -np ${ncpus} /data/home/xjsjswf/bin/SISSO >log

------------------------------------------------------------

Successfully completed.

Resource usage summary:

    CPU time   :     13.09 sec.
    Max Memory :         1 MB
    Max Swap   :        32 MB

    Max Processes  :         1
    Max Threads    :         1

The output (if any) is above this job summary.



PS:

Read file <SISSO.err> for stderr output of this job.

